C:\Program Files\Microsoft Visual Studio\2022\Community\MSBuild\Microsoft\VC\v170\Microsoft.CppBuild.targets(531,5): warning MSB8028: The intermediate directory (Release\) contains files shared from another project (FinalProject.vcxproj).  This can lead to incorrect clean and rebuild behavior.
  glad.c
  Application.cpp
D:\Downloads\Universitas Brawijaya\Semester 5\GK\BilliardRoom\BilliardRoom\FinalProject\Application.cpp(41,17): warning C4305: '=': truncation from 'double' to 'float'
D:\Downloads\Universitas Brawijaya\Semester 5\GK\BilliardRoom\BilliardRoom\FinalProject\Application.cpp(367,42): warning C4305: 'argument': truncation from 'double' to 'float'
D:\Downloads\Universitas Brawijaya\Semester 5\GK\BilliardRoom\BilliardRoom\FinalProject\Application.cpp(367,25): warning C4305: 'argument': truncation from 'double' to 'float'
D:\Downloads\Universitas Brawijaya\Semester 5\GK\BilliardRoom\BilliardRoom\FinalProject\Application.cpp(371,43): warning C4305: 'argument': truncation from 'double' to 'float'
D:\Downloads\Universitas Brawijaya\Semester 5\GK\BilliardRoom\BilliardRoom\FinalProject\Application.cpp(371,37): warning C4305: 'argument': truncation from 'double' to 'float'
D:\Downloads\Universitas Brawijaya\Semester 5\GK\BilliardRoom\BilliardRoom\FinalProject\Application.cpp(371,29): warning C4305: 'argument': truncation from 'double' to 'float'
D:\Downloads\Universitas Brawijaya\Semester 5\GK\BilliardRoom\BilliardRoom\FinalProject\Application.cpp(375,44): warning C4305: 'argument': truncation from 'double' to 'float'
D:\Downloads\Universitas Brawijaya\Semester 5\GK\BilliardRoom\BilliardRoom\FinalProject\Application.cpp(375,37): warning C4305: 'argument': truncation from 'double' to 'float'
D:\Downloads\Universitas Brawijaya\Semester 5\GK\BilliardRoom\BilliardRoom\FinalProject\Application.cpp(375,29): warning C4305: 'argument': truncation from 'double' to 'float'
D:\Downloads\Universitas Brawijaya\Semester 5\GK\BilliardRoom\BilliardRoom\FinalProject\Application.cpp(381,52): warning C4305: 'argument': truncation from 'double' to 'float'
D:\Downloads\Universitas Brawijaya\Semester 5\GK\BilliardRoom\BilliardRoom\FinalProject\Application.cpp(381,35): warning C4244: 'argument': conversion from 'double' to 'float', possible loss of data
D:\Downloads\Universitas Brawijaya\Semester 5\GK\BilliardRoom\BilliardRoom\FinalProject\Application.cpp(386,46): warning C4305: 'argument': truncation from 'double' to 'float'
D:\Downloads\Universitas Brawijaya\Semester 5\GK\BilliardRoom\BilliardRoom\FinalProject\Application.cpp(386,35): warning C4244: 'argument': conversion from 'double' to 'float', possible loss of data
D:\Downloads\Universitas Brawijaya\Semester 5\GK\BilliardRoom\BilliardRoom\FinalProject\Application.cpp(392,42): warning C4305: 'argument': truncation from 'double' to 'float'
D:\Downloads\Universitas Brawijaya\Semester 5\GK\BilliardRoom\BilliardRoom\FinalProject\Application.cpp(392,25): warning C4305: 'argument': truncation from 'double' to 'float'
D:\Downloads\Universitas Brawijaya\Semester 5\GK\BilliardRoom\BilliardRoom\FinalProject\Application.cpp(396,43): warning C4305: 'argument': truncation from 'double' to 'float'
D:\Downloads\Universitas Brawijaya\Semester 5\GK\BilliardRoom\BilliardRoom\FinalProject\Application.cpp(396,37): warning C4305: 'argument': truncation from 'double' to 'float'
D:\Downloads\Universitas Brawijaya\Semester 5\GK\BilliardRoom\BilliardRoom\FinalProject\Application.cpp(396,29): warning C4305: 'argument': truncation from 'double' to 'float'
D:\Downloads\Universitas Brawijaya\Semester 5\GK\BilliardRoom\BilliardRoom\FinalProject\Application.cpp(400,44): warning C4305: 'argument': truncation from 'double' to 'float'
D:\Downloads\Universitas Brawijaya\Semester 5\GK\BilliardRoom\BilliardRoom\FinalProject\Application.cpp(400,37): warning C4305: 'argument': truncation from 'double' to 'float'
D:\Downloads\Universitas Brawijaya\Semester 5\GK\BilliardRoom\BilliardRoom\FinalProject\Application.cpp(400,29): warning C4305: 'argument': truncation from 'double' to 'float'
D:\Downloads\Universitas Brawijaya\Semester 5\GK\BilliardRoom\BilliardRoom\FinalProject\Application.cpp(406,52): warning C4305: 'argument': truncation from 'double' to 'float'
D:\Downloads\Universitas Brawijaya\Semester 5\GK\BilliardRoom\BilliardRoom\FinalProject\Application.cpp(406,35): warning C4244: 'argument': conversion from 'double' to 'float', possible loss of data
D:\Downloads\Universitas Brawijaya\Semester 5\GK\BilliardRoom\BilliardRoom\FinalProject\Application.cpp(411,46): warning C4305: 'argument': truncation from 'double' to 'float'
D:\Downloads\Universitas Brawijaya\Semester 5\GK\BilliardRoom\BilliardRoom\FinalProject\Application.cpp(411,35): warning C4244: 'argument': conversion from 'double' to 'float', possible loss of data
D:\Downloads\Universitas Brawijaya\Semester 5\GK\BilliardRoom\BilliardRoom\FinalProject\Application.cpp(417,41): warning C4305: 'argument': truncation from 'double' to 'float'
D:\Downloads\Universitas Brawijaya\Semester 5\GK\BilliardRoom\BilliardRoom\FinalProject\Application.cpp(417,24): warning C4305: 'argument': truncation from 'double' to 'float'
D:\Downloads\Universitas Brawijaya\Semester 5\GK\BilliardRoom\BilliardRoom\FinalProject\Application.cpp(421,42): warning C4305: 'argument': truncation from 'double' to 'float'
D:\Downloads\Universitas Brawijaya\Semester 5\GK\BilliardRoom\BilliardRoom\FinalProject\Application.cpp(421,36): warning C4305: 'argument': truncation from 'double' to 'float'
D:\Downloads\Universitas Brawijaya\Semester 5\GK\BilliardRoom\BilliardRoom\FinalProject\Application.cpp(421,28): warning C4305: 'argument': truncation from 'double' to 'float'
D:\Downloads\Universitas Brawijaya\Semester 5\GK\BilliardRoom\BilliardRoom\FinalProject\Application.cpp(425,43): warning C4305: 'argument': truncation from 'double' to 'float'
D:\Downloads\Universitas Brawijaya\Semester 5\GK\BilliardRoom\BilliardRoom\FinalProject\Application.cpp(425,36): warning C4305: 'argument': truncation from 'double' to 'float'
D:\Downloads\Universitas Brawijaya\Semester 5\GK\BilliardRoom\BilliardRoom\FinalProject\Application.cpp(425,28): warning C4305: 'argument': truncation from 'double' to 'float'
D:\Downloads\Universitas Brawijaya\Semester 5\GK\BilliardRoom\BilliardRoom\FinalProject\Application.cpp(431,52): warning C4305: 'argument': truncation from 'double' to 'float'
D:\Downloads\Universitas Brawijaya\Semester 5\GK\BilliardRoom\BilliardRoom\FinalProject\Application.cpp(431,35): warning C4244: 'argument': conversion from 'double' to 'float', possible loss of data
D:\Downloads\Universitas Brawijaya\Semester 5\GK\BilliardRoom\BilliardRoom\FinalProject\Application.cpp(436,46): warning C4305: 'argument': truncation from 'double' to 'float'
D:\Downloads\Universitas Brawijaya\Semester 5\GK\BilliardRoom\BilliardRoom\FinalProject\Application.cpp(436,35): warning C4244: 'argument': conversion from 'double' to 'float', possible loss of data
D:\Downloads\Universitas Brawijaya\Semester 5\GK\BilliardRoom\BilliardRoom\FinalProject\Application.cpp(442,41): warning C4305: 'argument': truncation from 'double' to 'float'
D:\Downloads\Universitas Brawijaya\Semester 5\GK\BilliardRoom\BilliardRoom\FinalProject\Application.cpp(442,24): warning C4305: 'argument': truncation from 'double' to 'float'
D:\Downloads\Universitas Brawijaya\Semester 5\GK\BilliardRoom\BilliardRoom\FinalProject\Application.cpp(446,42): warning C4305: 'argument': truncation from 'double' to 'float'
D:\Downloads\Universitas Brawijaya\Semester 5\GK\BilliardRoom\BilliardRoom\FinalProject\Application.cpp(446,36): warning C4305: 'argument': truncation from 'double' to 'float'
D:\Downloads\Universitas Brawijaya\Semester 5\GK\BilliardRoom\BilliardRoom\FinalProject\Application.cpp(446,28): warning C4305: 'argument': truncation from 'double' to 'float'
D:\Downloads\Universitas Brawijaya\Semester 5\GK\BilliardRoom\BilliardRoom\FinalProject\Application.cpp(450,43): warning C4305: 'argument': truncation from 'double' to 'float'
D:\Downloads\Universitas Brawijaya\Semester 5\GK\BilliardRoom\BilliardRoom\FinalProject\Application.cpp(450,36): warning C4305: 'argument': truncation from 'double' to 'float'
D:\Downloads\Universitas Brawijaya\Semester 5\GK\BilliardRoom\BilliardRoom\FinalProject\Application.cpp(450,28): warning C4305: 'argument': truncation from 'double' to 'float'
D:\Downloads\Universitas Brawijaya\Semester 5\GK\BilliardRoom\BilliardRoom\FinalProject\Application.cpp(456,52): warning C4305: 'argument': truncation from 'double' to 'float'
D:\Downloads\Universitas Brawijaya\Semester 5\GK\BilliardRoom\BilliardRoom\FinalProject\Application.cpp(456,35): warning C4244: 'argument': conversion from 'double' to 'float', possible loss of data
D:\Downloads\Universitas Brawijaya\Semester 5\GK\BilliardRoom\BilliardRoom\FinalProject\Application.cpp(461,46): warning C4305: 'argument': truncation from 'double' to 'float'
D:\Downloads\Universitas Brawijaya\Semester 5\GK\BilliardRoom\BilliardRoom\FinalProject\Application.cpp(461,35): warning C4244: 'argument': conversion from 'double' to 'float', possible loss of data
D:\Downloads\Universitas Brawijaya\Semester 5\GK\BilliardRoom\BilliardRoom\FinalProject\Application.cpp(469,35): warning C4305: 'argument': truncation from 'double' to 'float'
D:\Downloads\Universitas Brawijaya\Semester 5\GK\BilliardRoom\BilliardRoom\FinalProject\Application.cpp(469,29): warning C4305: 'argument': truncation from 'double' to 'float'
D:\Downloads\Universitas Brawijaya\Semester 5\GK\BilliardRoom\BilliardRoom\FinalProject\Application.cpp(473,36): warning C4305: 'argument': truncation from 'double' to 'float'
D:\Downloads\Universitas Brawijaya\Semester 5\GK\BilliardRoom\BilliardRoom\FinalProject\Application.cpp(473,29): warning C4305: 'argument': truncation from 'double' to 'float'
D:\Downloads\Universitas Brawijaya\Semester 5\GK\BilliardRoom\BilliardRoom\FinalProject\Application.cpp(477,39): warning C4305: 'argument': truncation from 'double' to 'float'
D:\Downloads\Universitas Brawijaya\Semester 5\GK\BilliardRoom\BilliardRoom\FinalProject\Application.cpp(481,38): warning C4305: 'argument': truncation from 'double' to 'float'
D:\Downloads\Universitas Brawijaya\Semester 5\GK\BilliardRoom\BilliardRoom\FinalProject\Application.cpp(485,34): warning C4305: 'argument': truncation from 'double' to 'float'
D:\Downloads\Universitas Brawijaya\Semester 5\GK\BilliardRoom\BilliardRoom\FinalProject\Application.cpp(485,28): warning C4305: 'argument': truncation from 'double' to 'float'
D:\Downloads\Universitas Brawijaya\Semester 5\GK\BilliardRoom\BilliardRoom\FinalProject\Application.cpp(485,20): warning C4305: 'argument': truncation from 'double' to 'float'
D:\Downloads\Universitas Brawijaya\Semester 5\GK\BilliardRoom\BilliardRoom\FinalProject\Application.cpp(489,35): warning C4305: 'argument': truncation from 'double' to 'float'
D:\Downloads\Universitas Brawijaya\Semester 5\GK\BilliardRoom\BilliardRoom\FinalProject\Application.cpp(489,28): warning C4305: 'argument': truncation from 'double' to 'float'
D:\Downloads\Universitas Brawijaya\Semester 5\GK\BilliardRoom\BilliardRoom\FinalProject\Application.cpp(489,20): warning C4305: 'argument': truncation from 'double' to 'float'
D:\Downloads\Universitas Brawijaya\Semester 5\GK\BilliardRoom\BilliardRoom\FinalProject\Application.cpp(493,39): warning C4305: 'argument': truncation from 'double' to 'float'
D:\Downloads\Universitas Brawijaya\Semester 5\GK\BilliardRoom\BilliardRoom\FinalProject\Application.cpp(497,39): warning C4305: 'argument': truncation from 'double' to 'float'
D:\Downloads\Universitas Brawijaya\Semester 5\GK\BilliardRoom\BilliardRoom\FinalProject\Application.cpp(501,34): warning C4305: 'argument': truncation from 'double' to 'float'
D:\Downloads\Universitas Brawijaya\Semester 5\GK\BilliardRoom\BilliardRoom\FinalProject\Application.cpp(501,29): warning C4305: 'argument': truncation from 'double' to 'float'
D:\Downloads\Universitas Brawijaya\Semester 5\GK\BilliardRoom\BilliardRoom\FinalProject\Application.cpp(505,35): warning C4305: 'argument': truncation from 'double' to 'float'
D:\Downloads\Universitas Brawijaya\Semester 5\GK\BilliardRoom\BilliardRoom\FinalProject\Application.cpp(505,29): warning C4305: 'argument': truncation from 'double' to 'float'
D:\Downloads\Universitas Brawijaya\Semester 5\GK\BilliardRoom\BilliardRoom\FinalProject\Application.cpp(509,38): warning C4305: 'argument': truncation from 'double' to 'float'
D:\Downloads\Universitas Brawijaya\Semester 5\GK\BilliardRoom\BilliardRoom\FinalProject\Application.cpp(513,37): warning C4305: 'argument': truncation from 'double' to 'float'
D:\Downloads\Universitas Brawijaya\Semester 5\GK\BilliardRoom\BilliardRoom\FinalProject\Application.cpp(517,33): warning C4305: 'argument': truncation from 'double' to 'float'
D:\Downloads\Universitas Brawijaya\Semester 5\GK\BilliardRoom\BilliardRoom\FinalProject\Application.cpp(517,28): warning C4305: 'argument': truncation from 'double' to 'float'
D:\Downloads\Universitas Brawijaya\Semester 5\GK\BilliardRoom\BilliardRoom\FinalProject\Application.cpp(517,20): warning C4305: 'argument': truncation from 'double' to 'float'
D:\Downloads\Universitas Brawijaya\Semester 5\GK\BilliardRoom\BilliardRoom\FinalProject\Application.cpp(521,34): warning C4305: 'argument': truncation from 'double' to 'float'
D:\Downloads\Universitas Brawijaya\Semester 5\GK\BilliardRoom\BilliardRoom\FinalProject\Application.cpp(521,28): warning C4305: 'argument': truncation from 'double' to 'float'
D:\Downloads\Universitas Brawijaya\Semester 5\GK\BilliardRoom\BilliardRoom\FinalProject\Application.cpp(521,20): warning C4305: 'argument': truncation from 'double' to 'float'
D:\Downloads\Universitas Brawijaya\Semester 5\GK\BilliardRoom\BilliardRoom\FinalProject\Application.cpp(525,38): warning C4305: 'argument': truncation from 'double' to 'float'
D:\Downloads\Universitas Brawijaya\Semester 5\GK\BilliardRoom\BilliardRoom\FinalProject\Application.cpp(529,38): warning C4305: 'argument': truncation from 'double' to 'float'
D:\Downloads\Universitas Brawijaya\Semester 5\GK\BilliardRoom\BilliardRoom\FinalProject\Application.cpp(534,36): warning C4305: 'argument': truncation from 'double' to 'float'
D:\Downloads\Universitas Brawijaya\Semester 5\GK\BilliardRoom\BilliardRoom\FinalProject\Application.cpp(534,28): warning C4305: 'argument': truncation from 'double' to 'float'
D:\Downloads\Universitas Brawijaya\Semester 5\GK\BilliardRoom\BilliardRoom\FinalProject\Application.cpp(534,22): warning C4305: 'argument': truncation from 'double' to 'float'
D:\Downloads\Universitas Brawijaya\Semester 5\GK\BilliardRoom\BilliardRoom\FinalProject\Application.cpp(540,48): warning C4305: 'argument': truncation from 'double' to 'float'
D:\Downloads\Universitas Brawijaya\Semester 5\GK\BilliardRoom\BilliardRoom\FinalProject\Application.cpp(540,40): warning C4305: 'argument': truncation from 'double' to 'float'
D:\Downloads\Universitas Brawijaya\Semester 5\GK\BilliardRoom\BilliardRoom\FinalProject\Application.cpp(544,43): warning C4305: 'argument': truncation from 'double' to 'float'
D:\Downloads\Universitas Brawijaya\Semester 5\GK\BilliardRoom\BilliardRoom\FinalProject\Application.cpp(544,35): warning C4305: 'argument': truncation from 'double' to 'float'
D:\Downloads\Universitas Brawijaya\Semester 5\GK\BilliardRoom\BilliardRoom\FinalProject\Application.cpp(550,40): warning C4305: 'argument': truncation from 'double' to 'float'
D:\Downloads\Universitas Brawijaya\Semester 5\GK\BilliardRoom\BilliardRoom\FinalProject\Application.cpp(554,40): warning C4305: 'argument': truncation from 'double' to 'float'
D:\Downloads\Universitas Brawijaya\Semester 5\GK\BilliardRoom\BilliardRoom\FinalProject\Application.cpp(554,27): warning C4305: 'argument': truncation from 'double' to 'float'
D:\Downloads\Universitas Brawijaya\Semester 5\GK\BilliardRoom\BilliardRoom\FinalProject\Application.cpp(558,40): warning C4305: 'argument': truncation from 'double' to 'float'
D:\Downloads\Universitas Brawijaya\Semester 5\GK\BilliardRoom\BilliardRoom\FinalProject\Application.cpp(558,27): warning C4305: 'argument': truncation from 'double' to 'float'
D:\Downloads\Universitas Brawijaya\Semester 5\GK\BilliardRoom\BilliardRoom\FinalProject\Application.cpp(563,44): warning C4305: 'argument': truncation from 'double' to 'float'
D:\Downloads\Universitas Brawijaya\Semester 5\GK\BilliardRoom\BilliardRoom\FinalProject\Application.cpp(563,31): warning C4305: 'argument': truncation from 'double' to 'float'
D:\Downloads\Universitas Brawijaya\Semester 5\GK\BilliardRoom\BilliardRoom\FinalProject\Application.cpp(567,44): warning C4305: 'argument': truncation from 'double' to 'float'
D:\Downloads\Universitas Brawijaya\Semester 5\GK\BilliardRoom\BilliardRoom\FinalProject\Application.cpp(567,31): warning C4305: 'argument': truncation from 'double' to 'float'
D:\Downloads\Universitas Brawijaya\Semester 5\GK\BilliardRoom\BilliardRoom\FinalProject\Application.cpp(571,43): warning C4305: 'argument': truncation from 'double' to 'float'
D:\Downloads\Universitas Brawijaya\Semester 5\GK\BilliardRoom\BilliardRoom\FinalProject\Application.cpp(571,31): warning C4305: 'argument': truncation from 'double' to 'float'
D:\Downloads\Universitas Brawijaya\Semester 5\GK\BilliardRoom\BilliardRoom\FinalProject\Application.cpp(576,45): warning C4305: 'argument': truncation from 'double' to 'float'
D:\Downloads\Universitas Brawijaya\Semester 5\GK\BilliardRoom\BilliardRoom\FinalProject\Application.cpp(576,31): warning C4305: 'argument': truncation from 'double' to 'float'
D:\Downloads\Universitas Brawijaya\Semester 5\GK\BilliardRoom\BilliardRoom\FinalProject\Application.cpp(581,41): warning C4305: 'argument': truncation from 'double' to 'float'
D:\Downloads\Universitas Brawijaya\Semester 5\GK\BilliardRoom\BilliardRoom\FinalProject\Application.cpp(595,19): warning C4305: 'argument': truncation from 'double' to 'float'
D:\Downloads\Universitas Brawijaya\Semester 5\GK\BilliardRoom\BilliardRoom\FinalProject\Application.cpp(600,34): warning C4305: 'argument': truncation from 'double' to 'float'
D:\Downloads\Universitas Brawijaya\Semester 5\GK\BilliardRoom\BilliardRoom\FinalProject\Application.cpp(600,24): warning C4305: 'argument': truncation from 'double' to 'float'
D:\Downloads\Universitas Brawijaya\Semester 5\GK\BilliardRoom\BilliardRoom\FinalProject\Application.cpp(604,42): warning C4305: 'argument': truncation from 'double' to 'float'
D:\Downloads\Universitas Brawijaya\Semester 5\GK\BilliardRoom\BilliardRoom\FinalProject\Application.cpp(604,34): warning C4305: 'argument': truncation from 'double' to 'float'
D:\Downloads\Universitas Brawijaya\Semester 5\GK\BilliardRoom\BilliardRoom\FinalProject\Application.cpp(604,24): warning C4305: 'argument': truncation from 'double' to 'float'
D:\Downloads\Universitas Brawijaya\Semester 5\GK\BilliardRoom\BilliardRoom\FinalProject\Application.cpp(608,31): warning C4305: 'argument': truncation from 'double' to 'float'
D:\Downloads\Universitas Brawijaya\Semester 5\GK\BilliardRoom\BilliardRoom\FinalProject\Application.cpp(612,39): warning C4305: 'argument': truncation from 'double' to 'float'
D:\Downloads\Universitas Brawijaya\Semester 5\GK\BilliardRoom\BilliardRoom\FinalProject\Application.cpp(612,31): warning C4305: 'argument': truncation from 'double' to 'float'
D:\Downloads\Universitas Brawijaya\Semester 5\GK\BilliardRoom\BilliardRoom\FinalProject\Application.cpp(636,23): warning C4305: 'argument': truncation from 'double' to 'float'
D:\Downloads\Universitas Brawijaya\Semester 5\GK\BilliardRoom\BilliardRoom\FinalProject\Application.cpp(640,28): warning C4305: 'argument': truncation from 'double' to 'float'
D:\Downloads\Universitas Brawijaya\Semester 5\GK\BilliardRoom\BilliardRoom\FinalProject\Application.cpp(648,40): warning C4305: 'argument': truncation from 'double' to 'float'
D:\Downloads\Universitas Brawijaya\Semester 5\GK\BilliardRoom\BilliardRoom\FinalProject\Application.cpp(653,24): warning C4305: 'argument': truncation from 'double' to 'float'
D:\Downloads\Universitas Brawijaya\Semester 5\GK\BilliardRoom\BilliardRoom\FinalProject\Application.cpp(664,33): warning C4305: 'argument': truncation from 'double' to 'float'
D:\Downloads\Universitas Brawijaya\Semester 5\GK\BilliardRoom\BilliardRoom\FinalProject\Application.cpp(668,32): warning C4305: 'argument': truncation from 'double' to 'float'
D:\Downloads\Universitas Brawijaya\Semester 5\GK\BilliardRoom\BilliardRoom\FinalProject\Application.cpp(672,22): warning C4305: 'argument': truncation from 'double' to 'float'
D:\Downloads\Universitas Brawijaya\Semester 5\GK\BilliardRoom\BilliardRoom\FinalProject\Application.cpp(677,35): warning C4305: 'argument': truncation from 'double' to 'float'
D:\Downloads\Universitas Brawijaya\Semester 5\GK\BilliardRoom\BilliardRoom\FinalProject\Application.cpp(677,26): warning C4305: 'argument': truncation from 'double' to 'float'
D:\Downloads\Universitas Brawijaya\Semester 5\GK\BilliardRoom\BilliardRoom\FinalProject\Application.cpp(681,33): warning C4305: 'argument': truncation from 'double' to 'float'
D:\Downloads\Universitas Brawijaya\Semester 5\GK\BilliardRoom\BilliardRoom\FinalProject\Application.cpp(690,40): warning C4305: 'argument': truncation from 'double' to 'float'
D:\Downloads\Universitas Brawijaya\Semester 5\GK\BilliardRoom\BilliardRoom\FinalProject\Application.cpp(690,35): warning C4305: 'argument': truncation from 'double' to 'float'
D:\Downloads\Universitas Brawijaya\Semester 5\GK\BilliardRoom\BilliardRoom\FinalProject\Application.cpp(690,26): warning C4305: 'argument': truncation from 'double' to 'float'
D:\Downloads\Universitas Brawijaya\Semester 5\GK\BilliardRoom\BilliardRoom\FinalProject\Application.cpp(694,33): warning C4305: 'argument': truncation from 'double' to 'float'
D:\Downloads\Universitas Brawijaya\Semester 5\GK\BilliardRoom\BilliardRoom\FinalProject\Application.cpp(698,33): warning C4305: 'argument': truncation from 'double' to 'float'
D:\Downloads\Universitas Brawijaya\Semester 5\GK\BilliardRoom\BilliardRoom\FinalProject\Application.cpp(703,38): warning C4305: 'argument': truncation from 'double' to 'float'
D:\Downloads\Universitas Brawijaya\Semester 5\GK\BilliardRoom\BilliardRoom\FinalProject\Application.cpp(703,33): warning C4305: 'argument': truncation from 'double' to 'float'
D:\Downloads\Universitas Brawijaya\Semester 5\GK\BilliardRoom\BilliardRoom\FinalProject\Application.cpp(707,32): warning C4305: 'argument': truncation from 'double' to 'float'
D:\Downloads\Universitas Brawijaya\Semester 5\GK\BilliardRoom\BilliardRoom\FinalProject\Application.cpp(711,32): warning C4305: 'argument': truncation from 'double' to 'float'
D:\Downloads\Universitas Brawijaya\Semester 5\GK\BilliardRoom\BilliardRoom\FinalProject\Application.cpp(711,22): warning C4305: 'argument': truncation from 'double' to 'float'
D:\Downloads\Universitas Brawijaya\Semester 5\GK\BilliardRoom\BilliardRoom\FinalProject\Application.cpp(716,32): warning C4305: 'argument': truncation from 'double' to 'float'
D:\Downloads\Universitas Brawijaya\Semester 5\GK\BilliardRoom\BilliardRoom\FinalProject\Application.cpp(716,26): warning C4305: 'argument': truncation from 'double' to 'float'
D:\Downloads\Universitas Brawijaya\Semester 5\GK\BilliardRoom\BilliardRoom\FinalProject\Application.cpp(716,19): warning C4305: 'argument': truncation from 'double' to 'float'
D:\Downloads\Universitas Brawijaya\Semester 5\GK\BilliardRoom\BilliardRoom\FinalProject\Application.cpp(720,36): warning C4305: 'argument': truncation from 'double' to 'float'
D:\Downloads\Universitas Brawijaya\Semester 5\GK\BilliardRoom\BilliardRoom\FinalProject\Application.cpp(720,30): warning C4305: 'argument': truncation from 'double' to 'float'
D:\Downloads\Universitas Brawijaya\Semester 5\GK\BilliardRoom\BilliardRoom\FinalProject\Application.cpp(755,53): warning C4305: 'argument': truncation from 'double' to 'float'
D:\Downloads\Universitas Brawijaya\Semester 5\GK\BilliardRoom\BilliardRoom\FinalProject\Application.cpp(755,45): warning C4305: 'argument': truncation from 'double' to 'float'
D:\Downloads\Universitas Brawijaya\Semester 5\GK\BilliardRoom\BilliardRoom\FinalProject\Application.cpp(755,28): warning C4244: 'argument': conversion from 'int' to 'float', possible loss of data
D:\Downloads\Universitas Brawijaya\Semester 5\GK\BilliardRoom\BilliardRoom\FinalProject\Application.cpp(760,40): warning C4244: 'argument': conversion from 'int' to 'float', possible loss of data
D:\Downloads\Universitas Brawijaya\Semester 5\GK\BilliardRoom\BilliardRoom\FinalProject\Application.cpp(760,30): warning C4305: 'argument': truncation from 'double' to 'float'
D:\Downloads\Universitas Brawijaya\Semester 5\GK\BilliardRoom\BilliardRoom\FinalProject\Application.cpp(760,25): warning C4305: 'argument': truncation from 'double' to 'float'
D:\Downloads\Universitas Brawijaya\Semester 5\GK\BilliardRoom\BilliardRoom\FinalProject\Application.cpp(766,30): warning C4305: 'argument': truncation from 'double' to 'float'
D:\Downloads\Universitas Brawijaya\Semester 5\GK\BilliardRoom\BilliardRoom\FinalProject\Application.cpp(766,20): warning C4305: 'argument': truncation from 'double' to 'float'
  Cube.cpp
  RenderEngine.cpp
  Shader.cpp
  Texture.cpp
SOIL.lib(SOIL.obj) : warning LNK4075: ignoring '/EDITANDCONTINUE' due to '/OPT:ICF' specification
LINK : warning LNK4098: defaultlib 'MSVCRTD' conflicts with use of other libs; use /NODEFAULTLIB:library
  Generating code
  330 of 339 functions (97.3%) were compiled, the rest were copied from previous compilation.
    0 functions were new in current compilation
    2 functions had inline decision re-evaluated but remain unchanged
  Finished generating code
SOIL.lib(image_DXT.obj) : warning LNK4099: PDB '' was not found with 'SOIL.lib(image_DXT.obj)' or at ''; linking object as if no debug info
SOIL.lib(image_helper.obj) : warning LNK4099: PDB '' was not found with 'SOIL.lib(image_helper.obj)' or at ''; linking object as if no debug info
SOIL.lib(SOIL.obj) : warning LNK4099: PDB '' was not found with 'SOIL.lib(SOIL.obj)' or at ''; linking object as if no debug info
SOIL.lib(stb_image_aug.obj) : warning LNK4099: PDB '' was not found with 'SOIL.lib(stb_image_aug.obj)' or at ''; linking object as if no debug info
  FinalProject.vcxproj -> D:\Downloads\Universitas Brawijaya\Semester 5\GK\BilliardRoom\BilliardRoom\Release\BilliardRoom.exe
